2024-09-19 00:46:29,925 - INFO - Train shape: (1017209, 18), Test shape: (41088, 17)
2024-09-19 00:46:29,925 - INFO - Checking for missing values...
2024-09-19 00:46:30,141 - INFO - Missing values in training set:
Store                             0
DayOfWeek                         0
Date                              0
Sales                             0
Customers                         0
Open                              0
Promo                             0
StateHoliday                      0
SchoolHoliday                     0
StoreType                         0
Assortment                        0
CompetitionDistance            2642
CompetitionOpenSinceMonth    323348
CompetitionOpenSinceYear     323348
Promo2                            0
Promo2SinceWeek              508031
Promo2SinceYear              508031
PromoInterval                508031
dtype: int64
2024-09-19 00:46:30,142 - INFO - Missing values in test set:
Id                               0
Store                            0
DayOfWeek                        0
Date                             0
Open                            11
Promo                            0
StateHoliday                     0
SchoolHoliday                    0
StoreType                        0
Assortment                       0
CompetitionDistance             96
CompetitionOpenSinceMonth    15216
CompetitionOpenSinceYear     15216
Promo2                           0
Promo2SinceWeek              17232
Promo2SinceYear              17232
PromoInterval                17232
dtype: int64
2024-09-19 00:46:30,866 - INFO - Date fields converted and new features extracted.
2024-09-19 00:46:30,866 - INFO - Data Cleaning completed successfully.
2024-09-19 00:46:34,607 - INFO - Using categorical units to plot a list of strings that are all parsable as floats or dates. If these strings should be plotted as numbers, cast to the appropriate data type before plotting.
2024-09-19 00:46:35,341 - INFO - Using categorical units to plot a list of strings that are all parsable as floats or dates. If these strings should be plotted as numbers, cast to the appropriate data type before plotting.
2024-09-19 00:46:37,667 - INFO - Using categorical units to plot a list of strings that are all parsable as floats or dates. If these strings should be plotted as numbers, cast to the appropriate data type before plotting.
2024-09-19 00:46:37,771 - INFO - Using categorical units to plot a list of strings that are all parsable as floats or dates. If these strings should be plotted as numbers, cast to the appropriate data type before plotting.
2024-09-19 00:46:37,871 - INFO - Promo distribution visualized for both train and test sets.
2024-09-19 00:46:40,509 - INFO - Sales behavior around holidays visualized.
2024-09-19 00:46:42,027 - INFO - Seasonal purchasing behavior visualized (Christmas and Easter).
2024-09-19 00:46:45,183 - INFO - Correlation between sales and customers: 0.8947107733016958
2024-09-19 00:46:46,102 - INFO - Using categorical units to plot a list of strings that are all parsable as floats or dates. If these strings should be plotted as numbers, cast to the appropriate data type before plotting.
2024-09-19 00:46:47,012 - INFO - Using categorical units to plot a list of strings that are all parsable as floats or dates. If these strings should be plotted as numbers, cast to the appropriate data type before plotting.
2024-09-19 00:47:09,517 - INFO - Using categorical units to plot a list of strings that are all parsable as floats or dates. If these strings should be plotted as numbers, cast to the appropriate data type before plotting.
2024-09-19 00:47:10,151 - INFO - Using categorical units to plot a list of strings that are all parsable as floats or dates. If these strings should be plotted as numbers, cast to the appropriate data type before plotting.
2024-09-19 00:47:28,970 - INFO - Sales and customers behavior with promotions visualized.
2024-09-19 00:47:29,560 - INFO - Promo effectiveness by store type visualized.
2024-09-19 00:47:30,041 - INFO - Customer trends during store opening times visualized.
2024-09-19 00:47:32,041 - INFO - Sales by assortment type visualized.
2024-09-19 00:47:34,892 - INFO - Effect of competition distance on sales visualized.
2024-09-19 00:47:46,321 - INFO - Effect of new competitors on sales visualized.
2024-09-19 00:55:02,893 - INFO - Datasets loaded successfully
2024-09-19 00:55:03,375 - INFO - Datasets merged successfully
2024-09-19 00:55:03,497 - INFO - Missing values handled in the training dataset
2024-09-19 00:55:03,662 - INFO - Outliers handled for Sales using z-scores
2024-09-19 00:55:03,668 - INFO - Missing values handled in the test dataset
2024-09-19 00:55:04,564 - INFO - Using categorical units to plot a list of strings that are all parsable as floats or dates. If these strings should be plotted as numbers, cast to the appropriate data type before plotting.
2024-09-19 00:55:05,273 - INFO - Using categorical units to plot a list of strings that are all parsable as floats or dates. If these strings should be plotted as numbers, cast to the appropriate data type before plotting.
2024-09-19 00:55:05,696 - INFO - Using categorical units to plot a list of strings that are all parsable as floats or dates. If these strings should be plotted as numbers, cast to the appropriate data type before plotting.
2024-09-19 00:55:05,733 - INFO - Using categorical units to plot a list of strings that are all parsable as floats or dates. If these strings should be plotted as numbers, cast to the appropriate data type before plotting.
2024-09-19 00:55:05,851 - INFO - Promo distribution in training and test sets visualized
2024-09-19 00:55:08,347 - INFO - Sales behavior before, during, and after holidays visualized
2024-09-19 00:55:19,347 - INFO - Seasonal purchase behavior visualized
2024-09-19 00:55:22,449 - INFO - Correlation between Sales and Customers: 0.8947107733016958
2024-09-19 00:55:23,214 - INFO - Using categorical units to plot a list of strings that are all parsable as floats or dates. If these strings should be plotted as numbers, cast to the appropriate data type before plotting.
2024-09-19 00:55:23,922 - INFO - Using categorical units to plot a list of strings that are all parsable as floats or dates. If these strings should be plotted as numbers, cast to the appropriate data type before plotting.
2024-09-19 00:55:44,330 - INFO - Using categorical units to plot a list of strings that are all parsable as floats or dates. If these strings should be plotted as numbers, cast to the appropriate data type before plotting.
2024-09-19 00:55:44,978 - INFO - Using categorical units to plot a list of strings that are all parsable as floats or dates. If these strings should be plotted as numbers, cast to the appropriate data type before plotting.
2024-09-19 00:56:04,564 - INFO - Promo effects on sales and customer count visualized
2024-09-19 00:56:21,193 - INFO - Promo effectiveness by StoreType visualized
2024-09-19 00:56:37,531 - INFO - Customer behavior trends during store opening and closing times visualized
2024-09-19 00:56:38,337 - INFO - Sales comparison for stores open all week vs not open all week completed
2024-09-19 00:56:41,008 - INFO - Assortment type effect on sales visualized
2024-09-19 00:56:44,423 - INFO - Sales vs Competitor distance visualized
2024-09-19 00:56:45,155 - INFO - City center stores' sales visualized
2024-09-19 00:57:20,729 - INFO - Sales trend with new competitors visualized
2024-09-19 00:59:36,177 - INFO - Datasets loaded successfully
2024-09-19 00:59:36,423 - INFO - Datasets merged successfully
2024-09-19 00:59:36,549 - INFO - Missing values handled in the training dataset
2024-09-19 00:59:36,756 - INFO - Outliers handled for Sales using z-scores
2024-09-19 00:59:36,763 - INFO - Missing values handled in the test dataset
2024-09-19 01:00:57,201 - INFO - Datasets loaded successfully
2024-09-19 01:00:57,451 - INFO - Datasets merged successfully
2024-09-19 01:00:57,568 - INFO - Missing values handled in the training dataset
2024-09-19 01:00:57,731 - INFO - Outliers handled for Sales using z-scores
2024-09-19 01:00:57,737 - INFO - Missing values handled in the test dataset
2024-09-19 01:02:33,754 - INFO - Datasets loaded successfully
2024-09-19 01:02:34,048 - INFO - Datasets merged successfully
2024-09-19 01:02:34,180 - INFO - Missing values handled in the training dataset
2024-09-19 01:02:34,359 - INFO - Outliers handled for Sales using z-scores
2024-09-19 01:02:34,366 - INFO - Missing values handled in the test dataset
2024-09-19 01:04:28,768 - INFO - Datasets loaded successfully
2024-09-19 01:04:29,070 - INFO - Datasets merged successfully
2024-09-19 01:04:29,214 - INFO - Missing values handled in the training dataset
2024-09-19 01:04:29,425 - INFO - Outliers handled for Sales using z-scores
2024-09-19 01:04:29,434 - INFO - Missing values handled in the test dataset
2024-09-19 01:04:33,560 - INFO - Using categorical units to plot a list of strings that are all parsable as floats or dates. If these strings should be plotted as numbers, cast to the appropriate data type before plotting.
2024-09-19 01:04:34,154 - INFO - Using categorical units to plot a list of strings that are all parsable as floats or dates. If these strings should be plotted as numbers, cast to the appropriate data type before plotting.
2024-09-19 01:04:34,552 - INFO - Using categorical units to plot a list of strings that are all parsable as floats or dates. If these strings should be plotted as numbers, cast to the appropriate data type before plotting.
2024-09-19 01:04:34,601 - INFO - Using categorical units to plot a list of strings that are all parsable as floats or dates. If these strings should be plotted as numbers, cast to the appropriate data type before plotting.
2024-09-19 01:04:34,704 - INFO - Promo distribution in training and test sets visualized
2024-09-19 01:04:37,095 - INFO - Sales behavior before, during, and after holidays visualized
2024-09-19 01:04:47,820 - INFO - Seasonal purchase behavior visualized
2024-09-19 01:04:50,786 - INFO - Correlation between Sales and Customers: 0.8947107733016958
2024-09-19 01:04:51,901 - INFO - Using categorical units to plot a list of strings that are all parsable as floats or dates. If these strings should be plotted as numbers, cast to the appropriate data type before plotting.
2024-09-19 01:04:52,648 - INFO - Using categorical units to plot a list of strings that are all parsable as floats or dates. If these strings should be plotted as numbers, cast to the appropriate data type before plotting.
2024-09-19 01:05:12,520 - INFO - Using categorical units to plot a list of strings that are all parsable as floats or dates. If these strings should be plotted as numbers, cast to the appropriate data type before plotting.
2024-09-19 01:05:13,160 - INFO - Using categorical units to plot a list of strings that are all parsable as floats or dates. If these strings should be plotted as numbers, cast to the appropriate data type before plotting.
2024-09-19 01:05:32,712 - INFO - Promo effects on sales and customer count visualized
2024-09-19 01:05:33,725 - INFO - Using categorical units to plot a list of strings that are all parsable as floats or dates. If these strings should be plotted as numbers, cast to the appropriate data type before plotting.
2024-09-19 01:05:34,472 - INFO - Using categorical units to plot a list of strings that are all parsable as floats or dates. If these strings should be plotted as numbers, cast to the appropriate data type before plotting.
2024-09-19 01:05:49,051 - INFO - Promo effectiveness by StoreType visualized
2024-09-19 01:06:05,408 - INFO - Customer behavior trends during store opening and closing times visualized
2024-09-19 01:06:05,909 - INFO - Sales comparison for stores open all week vs not open all week completed
2024-09-19 01:06:06,669 - INFO - Using categorical units to plot a list of strings that are all parsable as floats or dates. If these strings should be plotted as numbers, cast to the appropriate data type before plotting.
2024-09-19 01:06:07,380 - INFO - Using categorical units to plot a list of strings that are all parsable as floats or dates. If these strings should be plotted as numbers, cast to the appropriate data type before plotting.
2024-09-19 01:06:07,922 - INFO - Assortment type effect on sales visualized
2024-09-19 01:06:10,920 - INFO - Sales vs Competitor distance visualized
2024-09-19 01:06:11,544 - INFO - City center stores' sales visualized
2024-09-19 01:06:51,200 - INFO - Sales trend with new competitors visualized
2024-09-19 01:09:25,089 - INFO - Train shape: (1017209, 18), Test shape: (41088, 17)
2024-09-19 01:09:25,090 - INFO - Checking for missing values...
2024-09-19 01:09:26,144 - INFO - Missing values in training set:
Store                             0
DayOfWeek                         0
Date                              0
Sales                             0
Customers                         0
Open                              0
Promo                             0
StateHoliday                      0
SchoolHoliday                     0
StoreType                         0
Assortment                        0
CompetitionDistance            2642
CompetitionOpenSinceMonth    323348
CompetitionOpenSinceYear     323348
Promo2                            0
Promo2SinceWeek              508031
Promo2SinceYear              508031
PromoInterval                508031
dtype: int64
2024-09-19 01:09:26,158 - INFO - Missing values in test set:
Id                               0
Store                            0
DayOfWeek                        0
Date                             0
Open                            11
Promo                            0
StateHoliday                     0
SchoolHoliday                    0
StoreType                        0
Assortment                       0
CompetitionDistance             96
CompetitionOpenSinceMonth    15216
CompetitionOpenSinceYear     15216
Promo2                           0
Promo2SinceWeek              17232
Promo2SinceYear              17232
PromoInterval                17232
dtype: int64
2024-09-19 01:09:28,582 - INFO - Date fields converted and new features extracted.
2024-09-19 01:09:28,583 - INFO - Data Cleaning completed successfully.
2024-09-19 01:09:31,392 - INFO - Using categorical units to plot a list of strings that are all parsable as floats or dates. If these strings should be plotted as numbers, cast to the appropriate data type before plotting.
2024-09-19 01:09:32,894 - INFO - Using categorical units to plot a list of strings that are all parsable as floats or dates. If these strings should be plotted as numbers, cast to the appropriate data type before plotting.
2024-09-19 01:09:34,206 - INFO - Using categorical units to plot a list of strings that are all parsable as floats or dates. If these strings should be plotted as numbers, cast to the appropriate data type before plotting.
2024-09-19 01:09:34,270 - INFO - Using categorical units to plot a list of strings that are all parsable as floats or dates. If these strings should be plotted as numbers, cast to the appropriate data type before plotting.
2024-09-19 01:09:34,528 - INFO - Promo distribution visualized for both train and test sets.
2024-09-19 01:09:37,207 - INFO - Sales behavior around holidays visualized.
2024-09-19 01:09:42,873 - INFO - Seasonal purchasing behavior visualized (Christmas and Easter).
2024-09-19 01:09:47,263 - INFO - Correlation between sales and customers: 0.8947107733016958
2024-09-19 01:09:48,241 - INFO - Using categorical units to plot a list of strings that are all parsable as floats or dates. If these strings should be plotted as numbers, cast to the appropriate data type before plotting.
2024-09-19 01:09:49,167 - INFO - Using categorical units to plot a list of strings that are all parsable as floats or dates. If these strings should be plotted as numbers, cast to the appropriate data type before plotting.
2024-09-19 01:10:23,660 - INFO - Using categorical units to plot a list of strings that are all parsable as floats or dates. If these strings should be plotted as numbers, cast to the appropriate data type before plotting.
2024-09-19 01:10:24,502 - INFO - Using categorical units to plot a list of strings that are all parsable as floats or dates. If these strings should be plotted as numbers, cast to the appropriate data type before plotting.
2024-09-19 01:11:03,935 - INFO - Sales and customers behavior with promotions visualized.
2024-09-19 01:11:05,165 - INFO - Promo effectiveness by store type visualized.
2024-09-19 01:11:06,102 - INFO - Customer trends during store opening times visualized.
2024-09-19 01:11:09,196 - INFO - Sales by assortment type visualized.
2024-09-19 01:11:13,434 - INFO - Effect of competition distance on sales visualized.
2024-09-19 01:11:32,680 - INFO - Effect of new competitors on sales visualized.
2024-09-19 01:18:04,386 - INFO - Datasets loaded successfully
2024-09-19 01:18:04,679 - INFO - Datasets merged successfully
2024-09-19 01:18:04,819 - INFO - Missing values handled in the training dataset
2024-09-19 01:18:05,321 - INFO - Outliers handled for Sales using z-scores
2024-09-19 01:18:05,331 - INFO - Missing values handled in the test dataset
2024-09-19 01:18:09,268 - INFO - Using categorical units to plot a list of strings that are all parsable as floats or dates. If these strings should be plotted as numbers, cast to the appropriate data type before plotting.
2024-09-19 01:18:09,932 - INFO - Using categorical units to plot a list of strings that are all parsable as floats or dates. If these strings should be plotted as numbers, cast to the appropriate data type before plotting.
2024-09-19 01:18:10,306 - INFO - Using categorical units to plot a list of strings that are all parsable as floats or dates. If these strings should be plotted as numbers, cast to the appropriate data type before plotting.
2024-09-19 01:18:10,333 - INFO - Using categorical units to plot a list of strings that are all parsable as floats or dates. If these strings should be plotted as numbers, cast to the appropriate data type before plotting.
2024-09-19 01:18:10,492 - INFO - Promo distribution in training and test sets visualized
2024-09-19 01:18:13,178 - INFO - Sales behavior before, during, and after holidays visualized
2024-09-19 01:18:25,960 - INFO - Seasonal purchase behavior visualized
2024-09-19 01:18:29,061 - INFO - Correlation between Sales and Customers: 0.8947107733016958
2024-09-19 01:18:29,746 - INFO - Using categorical units to plot a list of strings that are all parsable as floats or dates. If these strings should be plotted as numbers, cast to the appropriate data type before plotting.
2024-09-19 01:18:30,531 - INFO - Using categorical units to plot a list of strings that are all parsable as floats or dates. If these strings should be plotted as numbers, cast to the appropriate data type before plotting.
2024-09-19 01:18:50,630 - INFO - Using categorical units to plot a list of strings that are all parsable as floats or dates. If these strings should be plotted as numbers, cast to the appropriate data type before plotting.
2024-09-19 01:18:51,340 - INFO - Using categorical units to plot a list of strings that are all parsable as floats or dates. If these strings should be plotted as numbers, cast to the appropriate data type before plotting.
2024-09-19 01:19:10,856 - INFO - Promo effects on sales and customer count visualized
2024-09-19 01:19:12,055 - INFO - Using categorical units to plot a list of strings that are all parsable as floats or dates. If these strings should be plotted as numbers, cast to the appropriate data type before plotting.
2024-09-19 01:19:12,754 - INFO - Using categorical units to plot a list of strings that are all parsable as floats or dates. If these strings should be plotted as numbers, cast to the appropriate data type before plotting.
2024-09-19 01:19:27,671 - INFO - Promo effectiveness by StoreType visualized
2024-09-19 01:19:44,055 - INFO - Customer behavior trends during store opening and closing times visualized
2024-09-19 01:19:44,670 - INFO - Sales comparison for stores open all week vs not open all week completed
2024-09-19 01:19:45,467 - INFO - Using categorical units to plot a list of strings that are all parsable as floats or dates. If these strings should be plotted as numbers, cast to the appropriate data type before plotting.
2024-09-19 01:19:46,185 - INFO - Using categorical units to plot a list of strings that are all parsable as floats or dates. If these strings should be plotted as numbers, cast to the appropriate data type before plotting.
2024-09-19 01:19:46,667 - INFO - Assortment type effect on sales visualized
2024-09-19 01:19:49,774 - INFO - Sales vs Competitor distance visualized
2024-09-19 01:19:51,065 - INFO - City center stores' sales visualized
2024-09-19 01:20:26,978 - INFO - Sales trend with new competitors visualized
2024-09-19 01:27:27,076 - INFO - Datasets loaded successfully
2024-09-19 01:27:27,351 - INFO - Datasets merged successfully
2024-09-19 01:27:27,470 - INFO - Missing values handled in the training dataset
2024-09-19 01:27:27,661 - INFO - Outliers handled for Sales using z-scores
2024-09-19 01:27:27,670 - INFO - Missing values handled in the test dataset
2024-09-19 01:27:44,750 - INFO - Using categorical units to plot a list of strings that are all parsable as floats or dates. If these strings should be plotted as numbers, cast to the appropriate data type before plotting.
2024-09-19 01:27:45,451 - INFO - Using categorical units to plot a list of strings that are all parsable as floats or dates. If these strings should be plotted as numbers, cast to the appropriate data type before plotting.
2024-09-19 01:27:45,914 - INFO - Using categorical units to plot a list of strings that are all parsable as floats or dates. If these strings should be plotted as numbers, cast to the appropriate data type before plotting.
2024-09-19 01:27:45,948 - INFO - Using categorical units to plot a list of strings that are all parsable as floats or dates. If these strings should be plotted as numbers, cast to the appropriate data type before plotting.
2024-09-19 01:27:46,085 - INFO - Promo distribution in training and test sets visualized
2024-09-19 01:27:48,664 - INFO - Sales behavior before, during, and after holidays visualized
2024-09-19 01:28:14,920 - INFO - Seasonal purchase behavior visualized
2024-09-19 01:28:18,237 - INFO - Correlation between Sales and Customers: 0.8947107733016958
2024-09-19 01:28:19,364 - INFO - Using categorical units to plot a list of strings that are all parsable as floats or dates. If these strings should be plotted as numbers, cast to the appropriate data type before plotting.
2024-09-19 01:28:20,146 - INFO - Using categorical units to plot a list of strings that are all parsable as floats or dates. If these strings should be plotted as numbers, cast to the appropriate data type before plotting.
2024-09-19 01:28:42,318 - INFO - Using categorical units to plot a list of strings that are all parsable as floats or dates. If these strings should be plotted as numbers, cast to the appropriate data type before plotting.
2024-09-19 01:28:43,060 - INFO - Using categorical units to plot a list of strings that are all parsable as floats or dates. If these strings should be plotted as numbers, cast to the appropriate data type before plotting.
2024-09-19 01:29:07,328 - INFO - Promo effects on sales and customer count visualized
2024-09-19 01:29:08,199 - INFO - Using categorical units to plot a list of strings that are all parsable as floats or dates. If these strings should be plotted as numbers, cast to the appropriate data type before plotting.
2024-09-19 01:29:09,060 - INFO - Using categorical units to plot a list of strings that are all parsable as floats or dates. If these strings should be plotted as numbers, cast to the appropriate data type before plotting.
2024-09-19 01:29:35,489 - INFO - Promo effectiveness by StoreType visualized
2024-09-19 01:29:54,199 - INFO - Customer behavior trends during store opening and closing times visualized
2024-09-19 01:29:54,779 - INFO - Sales comparison for stores open all week vs not open all week completed
2024-09-19 01:29:55,649 - INFO - Using categorical units to plot a list of strings that are all parsable as floats or dates. If these strings should be plotted as numbers, cast to the appropriate data type before plotting.
2024-09-19 01:29:56,563 - INFO - Using categorical units to plot a list of strings that are all parsable as floats or dates. If these strings should be plotted as numbers, cast to the appropriate data type before plotting.
2024-09-19 01:29:57,146 - INFO - Assortment type effect on sales visualized
2024-09-19 01:30:00,890 - INFO - Sales vs Competitor distance visualized
2024-09-19 01:30:01,381 - INFO - City center stores' sales visualized
2024-09-19 01:30:32,731 - INFO - Sales trend with new competitors visualized
2024-09-19 20:06:46,003 - INFO - Datasets loaded successfully
2024-09-19 20:06:46,646 - INFO - Datasets merged successfully
2024-09-19 20:06:46,855 - INFO - Missing values handled in the training dataset
2024-09-19 20:06:47,036 - INFO - Outliers handled for Sales using z-scores
2024-09-19 20:06:47,046 - INFO - Missing values handled in the test dataset
2024-09-19 20:13:44,918 - INFO - Datasets loaded successfully
2024-09-19 20:13:45,210 - INFO - Datasets merged successfully
2024-09-19 20:13:45,340 - INFO - Missing values handled in the training dataset
2024-09-19 20:13:45,523 - INFO - Outliers handled for Sales using z-scores
2024-09-19 20:13:45,530 - INFO - Missing values handled in the test dataset
2024-09-19 20:14:05,423 - INFO - Using categorical units to plot a list of strings that are all parsable as floats or dates. If these strings should be plotted as numbers, cast to the appropriate data type before plotting.
2024-09-19 20:14:06,260 - INFO - Using categorical units to plot a list of strings that are all parsable as floats or dates. If these strings should be plotted as numbers, cast to the appropriate data type before plotting.
2024-09-19 20:14:07,263 - INFO - Using categorical units to plot a list of strings that are all parsable as floats or dates. If these strings should be plotted as numbers, cast to the appropriate data type before plotting.
2024-09-19 20:14:07,357 - INFO - Using categorical units to plot a list of strings that are all parsable as floats or dates. If these strings should be plotted as numbers, cast to the appropriate data type before plotting.
2024-09-19 20:14:07,483 - INFO - Promo distribution in training and test sets visualized
2024-09-19 20:14:13,788 - INFO - Sales behavior before, during, and after holidays visualized
2024-09-19 20:14:28,199 - INFO - Seasonal purchase behavior visualized
2024-09-19 20:14:43,589 - INFO - Correlation between Sales and Customers: 0.8947107733016958
2024-09-19 20:14:49,234 - INFO - Using categorical units to plot a list of strings that are all parsable as floats or dates. If these strings should be plotted as numbers, cast to the appropriate data type before plotting.
2024-09-19 20:14:49,830 - INFO - Using categorical units to plot a list of strings that are all parsable as floats or dates. If these strings should be plotted as numbers, cast to the appropriate data type before plotting.
2024-09-19 20:15:10,756 - INFO - Using categorical units to plot a list of strings that are all parsable as floats or dates. If these strings should be plotted as numbers, cast to the appropriate data type before plotting.
2024-09-19 20:15:11,472 - INFO - Using categorical units to plot a list of strings that are all parsable as floats or dates. If these strings should be plotted as numbers, cast to the appropriate data type before plotting.
2024-09-19 20:15:35,780 - INFO - Promo effects on sales and customer count visualized
2024-09-19 20:15:54,568 - INFO - Promo effectiveness by StoreType visualized
2024-09-19 20:16:12,929 - INFO - Customer behavior trends during store opening and closing times visualized
2024-09-19 20:16:26,138 - INFO - Sales comparison for stores open all week vs not open all week completed
2024-09-19 20:16:32,515 - INFO - Assortment type effect on sales visualized
2024-09-19 20:16:38,569 - INFO - Sales vs Competitor distance visualized
2024-09-19 20:16:39,241 - INFO - City center stores' sales visualized
2024-09-19 20:17:23,868 - INFO - Sales trend with new competitors visualized
2024-09-19 20:18:57,254 - INFO - Datasets loaded successfully
2024-09-19 20:18:57,586 - INFO - Datasets merged successfully
2024-09-19 20:18:57,705 - INFO - Missing values handled in the training dataset
2024-09-19 20:18:57,899 - INFO - Outliers handled for Sales using z-scores
2024-09-19 20:18:57,908 - INFO - Missing values handled in the test dataset
2024-09-19 20:23:03,792 - INFO - Datasets loaded successfully
2024-09-19 20:23:04,248 - INFO - Datasets merged successfully
2024-09-19 20:23:04,367 - INFO - Missing values handled in the training dataset
2024-09-19 20:23:04,609 - INFO - Outliers handled for Sales using z-scores
2024-09-19 20:23:04,617 - INFO - Missing values handled in the test dataset
2024-09-19 20:23:08,766 - INFO - Using categorical units to plot a list of strings that are all parsable as floats or dates. If these strings should be plotted as numbers, cast to the appropriate data type before plotting.
2024-09-19 20:23:09,559 - INFO - Using categorical units to plot a list of strings that are all parsable as floats or dates. If these strings should be plotted as numbers, cast to the appropriate data type before plotting.
2024-09-19 20:23:10,218 - INFO - Using categorical units to plot a list of strings that are all parsable as floats or dates. If these strings should be plotted as numbers, cast to the appropriate data type before plotting.
2024-09-19 20:23:10,249 - INFO - Using categorical units to plot a list of strings that are all parsable as floats or dates. If these strings should be plotted as numbers, cast to the appropriate data type before plotting.
2024-09-19 20:23:10,366 - INFO - Promo distribution in training and test sets visualized
2024-09-19 20:23:13,474 - INFO - Sales behavior before, during, and after holidays visualized
2024-09-19 20:23:24,764 - INFO - Seasonal purchase behavior visualized
2024-09-19 20:23:28,153 - INFO - Correlation between Sales and Customers: 0.8947107733016958
2024-09-19 20:23:28,947 - INFO - Using categorical units to plot a list of strings that are all parsable as floats or dates. If these strings should be plotted as numbers, cast to the appropriate data type before plotting.
2024-09-19 20:23:29,655 - INFO - Using categorical units to plot a list of strings that are all parsable as floats or dates. If these strings should be plotted as numbers, cast to the appropriate data type before plotting.
2024-09-19 20:23:52,168 - INFO - Using categorical units to plot a list of strings that are all parsable as floats or dates. If these strings should be plotted as numbers, cast to the appropriate data type before plotting.
2024-09-19 20:23:53,004 - INFO - Using categorical units to plot a list of strings that are all parsable as floats or dates. If these strings should be plotted as numbers, cast to the appropriate data type before plotting.
2024-09-19 20:24:17,070 - INFO - Promo effects on sales and customer count visualized
2024-09-19 20:24:18,158 - INFO - Using categorical units to plot a list of strings that are all parsable as floats or dates. If these strings should be plotted as numbers, cast to the appropriate data type before plotting.
2024-09-19 20:24:19,108 - INFO - Using categorical units to plot a list of strings that are all parsable as floats or dates. If these strings should be plotted as numbers, cast to the appropriate data type before plotting.
2024-09-19 20:24:39,707 - INFO - Promo effectiveness by StoreType visualized
2024-09-19 20:24:58,787 - INFO - Customer behavior trends during store opening and closing times visualized
2024-09-19 20:24:59,402 - INFO - Sales comparison for stores open all week vs not open all week completed
2024-09-19 20:25:00,397 - INFO - Using categorical units to plot a list of strings that are all parsable as floats or dates. If these strings should be plotted as numbers, cast to the appropriate data type before plotting.
2024-09-19 20:25:01,271 - INFO - Using categorical units to plot a list of strings that are all parsable as floats or dates. If these strings should be plotted as numbers, cast to the appropriate data type before plotting.
2024-09-19 20:25:01,843 - INFO - Assortment type effect on sales visualized
2024-09-19 20:25:05,736 - INFO - Sales vs Competitor distance visualized
2024-09-19 20:25:06,180 - INFO - City center stores' sales visualized
2024-09-19 20:25:41,995 - INFO - Sales trend with new competitors visualized
2024-09-19 20:34:48,246 - INFO - Sales trend with new competitors visualized
2024-09-19 20:37:45,579 - INFO - Sales trend with new competitors visualized
2024-09-19 20:38:42,924 - INFO - Sales trend with new competitors visualized
2024-09-19 20:39:20,787 - INFO - Sales trend with new competitors visualized
2024-09-19 20:40:14,906 - INFO - Datasets loaded successfully
2024-09-19 20:40:15,486 - INFO - Datasets merged successfully
2024-09-19 20:40:15,585 - INFO - Missing values handled in the training dataset
2024-09-19 20:40:16,157 - INFO - Outliers handled for Sales using z-scores
2024-09-19 20:40:16,163 - INFO - Missing values handled in the test dataset
2024-09-19 20:40:43,262 - INFO - Using categorical units to plot a list of strings that are all parsable as floats or dates. If these strings should be plotted as numbers, cast to the appropriate data type before plotting.
2024-09-19 20:40:43,983 - INFO - Using categorical units to plot a list of strings that are all parsable as floats or dates. If these strings should be plotted as numbers, cast to the appropriate data type before plotting.
2024-09-19 20:41:25,855 - INFO - Sales trend with new competitors visualized
2024-09-19 20:47:14,868 - INFO - Using categorical units to plot a list of strings that are all parsable as floats or dates. If these strings should be plotted as numbers, cast to the appropriate data type before plotting.
2024-09-19 20:47:15,379 - INFO - Using categorical units to plot a list of strings that are all parsable as floats or dates. If these strings should be plotted as numbers, cast to the appropriate data type before plotting.
2024-09-19 20:47:58,693 - INFO - Sales trend with new competitors visualized
2024-09-19 20:49:36,020 - INFO - Using categorical units to plot a list of strings that are all parsable as floats or dates. If these strings should be plotted as numbers, cast to the appropriate data type before plotting.
2024-09-19 20:49:36,500 - INFO - Using categorical units to plot a list of strings that are all parsable as floats or dates. If these strings should be plotted as numbers, cast to the appropriate data type before plotting.
2024-09-19 20:50:15,455 - INFO - Sales trend with new competitors visualized
2024-09-19 20:50:17,735 - INFO - Correlation heatmap visualized
2024-09-19 20:56:07,121 - INFO - Using categorical units to plot a list of strings that are all parsable as floats or dates. If these strings should be plotted as numbers, cast to the appropriate data type before plotting.
2024-09-19 20:56:07,595 - INFO - Using categorical units to plot a list of strings that are all parsable as floats or dates. If these strings should be plotted as numbers, cast to the appropriate data type before plotting.
2024-09-19 20:56:44,260 - INFO - Sales trend with new competitors visualized
2024-09-19 20:57:24,018 - INFO - Using categorical units to plot a list of strings that are all parsable as floats or dates. If these strings should be plotted as numbers, cast to the appropriate data type before plotting.
2024-09-19 20:57:24,482 - INFO - Using categorical units to plot a list of strings that are all parsable as floats or dates. If these strings should be plotted as numbers, cast to the appropriate data type before plotting.
2024-09-19 20:58:04,043 - INFO - Sales trend with new competitors visualized
2024-09-19 20:58:33,211 - INFO - Correlation heatmap visualized
2024-09-19 20:58:41,978 - INFO - Datasets loaded successfully
2024-09-19 20:58:42,315 - INFO - Datasets merged successfully
2024-09-19 20:58:42,441 - INFO - Missing values handled in the training dataset
2024-09-19 20:58:42,640 - INFO - Outliers handled for Sales using z-scores
2024-09-19 20:58:42,646 - INFO - Missing values handled in the test dataset
2024-09-19 20:58:43,683 - INFO - Using categorical units to plot a list of strings that are all parsable as floats or dates. If these strings should be plotted as numbers, cast to the appropriate data type before plotting.
2024-09-19 20:58:44,710 - INFO - Using categorical units to plot a list of strings that are all parsable as floats or dates. If these strings should be plotted as numbers, cast to the appropriate data type before plotting.
2024-09-19 20:58:45,216 - INFO - Using categorical units to plot a list of strings that are all parsable as floats or dates. If these strings should be plotted as numbers, cast to the appropriate data type before plotting.
2024-09-19 20:58:45,461 - INFO - Using categorical units to plot a list of strings that are all parsable as floats or dates. If these strings should be plotted as numbers, cast to the appropriate data type before plotting.
2024-09-19 20:58:45,560 - INFO - Promo distribution in training and test sets visualized
2024-09-19 20:58:49,133 - INFO - Sales behavior before, during, and after holidays visualized
2024-09-19 20:59:02,438 - INFO - Seasonal purchase behavior visualized
2024-09-19 20:59:06,318 - INFO - Correlation between Sales and Customers: 0.8947107733016958
2024-09-19 20:59:07,321 - INFO - Using categorical units to plot a list of strings that are all parsable as floats or dates. If these strings should be plotted as numbers, cast to the appropriate data type before plotting.
2024-09-19 20:59:08,219 - INFO - Using categorical units to plot a list of strings that are all parsable as floats or dates. If these strings should be plotted as numbers, cast to the appropriate data type before plotting.
2024-09-19 20:59:32,897 - INFO - Using categorical units to plot a list of strings that are all parsable as floats or dates. If these strings should be plotted as numbers, cast to the appropriate data type before plotting.
2024-09-19 20:59:33,702 - INFO - Using categorical units to plot a list of strings that are all parsable as floats or dates. If these strings should be plotted as numbers, cast to the appropriate data type before plotting.
2024-09-19 20:59:57,115 - INFO - Promo effects on sales and customer count visualized
2024-09-19 21:00:17,195 - INFO - Promo effectiveness by StoreType visualized
2024-09-19 21:00:37,974 - INFO - Customer behavior trends during store opening and closing times visualized
2024-09-19 21:00:38,833 - INFO - Sales comparison for stores open all week vs not open all week completed
2024-09-19 21:00:41,140 - INFO - Assortment type effect on sales visualized
2024-09-19 21:00:44,802 - INFO - Sales vs Competitor distance visualized
2024-09-19 21:00:46,013 - INFO - City center stores' sales visualized
2024-09-19 21:01:27,732 - INFO - Sales trend with new competitors visualized
2024-09-19 21:01:32,311 - INFO - Correlation heatmap visualized
2024-09-19 21:04:23,558 - INFO - Sales trend with new and old competitors visualized
